<?xml version="1.0" encoding="UTF-8"?>
<testsuite name="com.moodanalyse.MoodAnalyseTest" tests="1" skipped="0" failures="0" errors="0" timestamp="2019-11-26T12:19:18" hostname="admin1-desktop" time="0.001">
  <properties/>
  <testcase name="givenMessage_When_Notproper_Should_Return_NoSuchMethod_With_Parameters" classname="com.moodanalyse.MoodAnalyseTest" time="0.001"/>
  <system-out><![CDATA[]]></system-out>
  <system-err><![CDATA[]]></system-err>
</testsuite>
