<?xml version="1.0" encoding="UTF-8"?>
<testsuite name="com.moodanalyse.MoodAnalyseTest" tests="1" skipped="0" failures="0" errors="0" timestamp="2019-11-26T07:12:35" hostname="admin1-desktop" time="0.0">
  <properties/>
  <testcase name="givenMessage_whenthemoodnull_InMoodAnalyseException_shouldReturnHappy" classname="com.moodanalyse.MoodAnalyseTest" time="0.0"/>
  <system-out><![CDATA[]]></system-out>
  <system-err><![CDATA[]]></system-err>
</testsuite>
