<?xml version="1.0" encoding="UTF-8"?>
<testsuite name="com.moodanalyse.MoodAnalyseTest" tests="1" skipped="0" failures="0" errors="0" timestamp="2019-11-27T11:35:21" hostname="admin1-desktop" time="0.002">
  <properties/>
  <testcase name="givenMessage_WhenNotproperClass_ShouldReturn_NoSuchMethod_WithParameters" classname="com.moodanalyse.MoodAnalyseTest" time="0.002"/>
  <system-out><![CDATA[]]></system-out>
  <system-err><![CDATA[]]></system-err>
</testsuite>
